\BOOKMARK [1][-]{section.0.1}{Introduccion}{}% 1
\BOOKMARK [0][-]{chapter.1}{Sistemas Din\341micos}{}% 2
\BOOKMARK [1][-]{section.1.1}{Ejemplo ilustrativo}{chapter.1}% 3
\BOOKMARK [1][-]{section.1.2}{La evoluci\363n de las densidades}{chapter.1}% 4
\BOOKMARK [0][-]{chapter.2}{Operadores Especiales}{}% 5
\BOOKMARK [1][-]{section.2.1}{Operador de Markov}{chapter.2}% 6
\BOOKMARK [1][-]{section.2.2}{El operador Perron-Frobenius}{chapter.2}% 7
\BOOKMARK [1][-]{section.2.3}{El operador de Koopman}{chapter.2}% 8
\BOOKMARK [0][-]{chapter.3}{Estudio el Caos con Densidades}{}% 9
\BOOKMARK [1][-]{section.3.1}{Medidas Invariantes}{chapter.3}% 10
\BOOKMARK [1][-]{section.3.2}{Transformaciones Erg\363dicas}{chapter.3}% 11
\BOOKMARK [1][-]{section.3.3}{Transformaciones Mezclantes y Exactas}{chapter.3}% 12
\BOOKMARK [1][-]{section.3.4}{Taxonom\355a de las Transformaciones}{chapter.3}% 13
\BOOKMARK [0][-]{chapter.4}{Resultados Preliminares}{}% 14
\BOOKMARK [1][-]{section.4.1}{Funciones de Variaci\363n Acotada}{chapter.4}% 15
\BOOKMARK [1][-]{section.4.2}{Principio de Selecci\363n de Helly}{chapter.4}% 16
\BOOKMARK [1][-]{section.4.3}{Teorema de Mazur}{chapter.4}% 17
\BOOKMARK [1][-]{section.4.4}{Teorema de Kakutani-Yosida}{chapter.4}% 18
\BOOKMARK [0][-]{chapter.5}{Existencia de Medidas Invariantes}{}% 19
\BOOKMARK [0][-]{appendix.Alph1}{Sistema din\341micos discretos}{}% 20
\BOOKMARK [0][-]{appendix.Alph2}{Teor\355a de la Medida}{}% 21
\BOOKMARK [1][-]{section.Alph2.1}{Espacios Medibles y Medidas}{appendix.Alph2}% 22
\BOOKMARK [2][-]{subsection.Alph2.1.1}{Espacios Medible}{section.Alph2.1}% 23
\BOOKMARK [2][-]{subsection.Alph2.1.2}{Espacios de Media}{section.Alph2.1}% 24
\BOOKMARK [1][-]{section.Alph2.2}{Integraci\363n}{appendix.Alph2}% 25
\BOOKMARK [1][-]{section.Alph2.3}{Derivaci\363n}{appendix.Alph2}% 26
\BOOKMARK [1][-]{section.Alph2.4}{Espacios Lp}{appendix.Alph2}% 27
\BOOKMARK [1][-]{section.Alph2.5}{Convergencia de sucesiones de funciones}{appendix.Alph2}% 28
