This is pdfTeX, Version 3.1415926-2.4-1.40.13 (MiKTeX 2.9) (preloaded format=pdflatex 2012.8.8)  11 AUG 2013 14:45
entering extended mode
**tesis.tex
(C:\Users\Yenifer\Desktop\Tesis\Todo\tesis.tex
LaTeX2e <2011/06/27>
Babel <v3.8m> and hyphenation patterns for english, afrikaans, ancientgreek, ar
abic, armenian, assamese, basque, bengali, bokmal, bulgarian, catalan, coptic, 
croatian, czech, danish, dutch, esperanto, estonian, farsi, finnish, french, ga
lician, german, german-x-2012-05-30, greek, gujarati, hindi, hungarian, iceland
ic, indonesian, interlingua, irish, italian, kannada, kurmanji, latin, latvian,
 lithuanian, malayalam, marathi, mongolian, mongolianlmc, monogreek, ngerman, n
german-x-2012-05-30, nynorsk, oriya, panjabi, pinyin, polish, portuguese, roman
ian, russian, sanskrit, serbian, slovak, slovenian, spanish, swedish, swissgerm
an, tamil, telugu, turkish, turkmen, ukenglish, ukrainian, uppersorbian, usengl
ishmax, welsh, loaded.
("C:\Program Files\MiKTeX 2.9\tex\latex\base\report.cls"
Document Class: report 2007/10/19 v1.4h Standard LaTeX document class
("C:\Program Files\MiKTeX 2.9\tex\latex\base\size10.clo"
File: size10.clo 2007/10/19 v1.4h Standard LaTeX file (size option)
)
\c@part=\count79
\c@chapter=\count80
\c@section=\count81
\c@subsection=\count82
\c@subsubsection=\count83
\c@paragraph=\count84
\c@subparagraph=\count85
\c@figure=\count86
\c@table=\count87
\abovecaptionskip=\skip41
\belowcaptionskip=\skip42
\bibindent=\dimen102
)
(C:\Users\Yenifer\Desktop\Tesis\Todo\preambulo.tex
("C:\Program Files\MiKTeX 2.9\tex\latex\ams\classes\amsthm.sty"
Package: amsthm 2004/08/06 v2.20
\thm@style=\toks14
\thm@bodyfont=\toks15
\thm@headfont=\toks16
\thm@notefont=\toks17
\thm@headpunct=\toks18
\thm@preskip=\skip43
\thm@postskip=\skip44
\thm@headsep=\skip45
\dth@everypar=\toks19
)
("C:\Program Files\MiKTeX 2.9\tex\latex\ams\math\amsmath.sty"
Package: amsmath 2000/07/18 v2.13 AMS math features
\@mathmargin=\skip46

For additional information on amsmath, use the `?' option.
("C:\Program Files\MiKTeX 2.9\tex\latex\ams\math\amstext.sty"
Package: amstext 2000/06/29 v2.01

("C:\Program Files\MiKTeX 2.9\tex\latex\ams\math\amsgen.sty"
File: amsgen.sty 1999/11/30 v2.0
\@emptytoks=\toks20
\ex@=\dimen103
))
("C:\Program Files\MiKTeX 2.9\tex\latex\ams\math\amsbsy.sty"
Package: amsbsy 1999/11/29 v1.2d
\pmbraise@=\dimen104
)
("C:\Program Files\MiKTeX 2.9\tex\latex\ams\math\amsopn.sty"
Package: amsopn 1999/12/14 v2.01 operator names
)
\inf@bad=\count88
LaTeX Info: Redefining \frac on input line 211.
\uproot@=\count89
\leftroot@=\count90
LaTeX Info: Redefining \overline on input line 307.
\classnum@=\count91
\DOTSCASE@=\count92
LaTeX Info: Redefining \ldots on input line 379.
LaTeX Info: Redefining \dots on input line 382.
LaTeX Info: Redefining \cdots on input line 467.
\Mathstrutbox@=\box26
\strutbox@=\box27
\big@size=\dimen105
LaTeX Font Info:    Redeclaring font encoding OML on input line 567.
LaTeX Font Info:    Redeclaring font encoding OMS on input line 568.
\macc@depth=\count93
\c@MaxMatrixCols=\count94
\dotsspace@=\muskip10
\c@parentequation=\count95
\dspbrk@lvl=\count96
\tag@help=\toks21
\row@=\count97
\column@=\count98
\maxfields@=\count99
\andhelp@=\toks22
\eqnshift@=\dimen106
\alignsep@=\dimen107
\tagshift@=\dimen108
\tagwidth@=\dimen109
\totwidth@=\dimen110
\lineht@=\dimen111
\@envbody=\toks23
\multlinegap=\skip47
\multlinetaggap=\skip48
\mathdisplay@stack=\toks24
LaTeX Info: Redefining \[ on input line 2666.
LaTeX Info: Redefining \] on input line 2667.
)
("C:\Program Files\MiKTeX 2.9\tex\latex\amsfonts\amssymb.sty"
Package: amssymb 2009/06/22 v3.00

("C:\Program Files\MiKTeX 2.9\tex\latex\amsfonts\amsfonts.sty"
Package: amsfonts 2009/06/22 v3.00 Basic AMSFonts support
\symAMSa=\mathgroup4
\symAMSb=\mathgroup5
LaTeX Font Info:    Overwriting math alphabet `\mathfrak' in version `bold'
(Font)                  U/euf/m/n --> U/euf/b/n on input line 96.
))
("C:\Program Files\MiKTeX 2.9\tex\latex\base\latexsym.sty"
Package: latexsym 1998/08/17 v2.2e Standard LaTeX package (lasy symbols)
\symlasy=\mathgroup6
LaTeX Font Info:    Overwriting symbol font `lasy' in version `bold'
(Font)                  U/lasy/m/n --> U/lasy/b/n on input line 47.
)
("C:\Program Files\MiKTeX 2.9\tex\latex\slashbox\slashbox.sty"
slashbox style by K.Yasuoka, May 1993.
\@slashboxa=\box28
\@slashboxb=\box29
\@slashboxc=\box30
\@slashboxwd=\count100
\@slashboxht=\count101
\@slashsepl=\dimen112
\@slashsepr=\dimen113
) ("C:\Program Files\MiKTeX 2.9\tex\latex\tools\multicol.sty"
Package: multicol 2011/06/27 v1.7a multicolumn formatting (FMi)
\c@tracingmulticols=\count102
\mult@box=\box31
\multicol@leftmargin=\dimen114
\c@unbalance=\count103
\c@collectmore=\count104
\doublecol@number=\count105
\multicoltolerance=\count106
\multicolpretolerance=\count107
\full@width=\dimen115
\page@free=\dimen116
\premulticols=\dimen117
\postmulticols=\dimen118
\multicolsep=\skip49
\multicolbaselineskip=\skip50
\partial@page=\box32
\last@line=\box33
\mult@rightbox=\box34
\mult@grightbox=\box35
\mult@gfirstbox=\box36
\mult@firstbox=\box37
\@tempa=\box38
\@tempa=\box39
\@tempa=\box40
\@tempa=\box41
\@tempa=\box42
\@tempa=\box43
\@tempa=\box44
\@tempa=\box45
\@tempa=\box46
\@tempa=\box47
\@tempa=\box48
\@tempa=\box49
\@tempa=\box50
\@tempa=\box51
\@tempa=\box52
\@tempa=\box53
\@tempa=\box54
\c@columnbadness=\count108
\c@finalcolumnbadness=\count109
\last@try=\dimen119
\multicolovershoot=\dimen120
\multicolundershoot=\dimen121
\mult@nat@firstbox=\box55
\colbreak@box=\box56
\multicol@sort@counter=\count110
)
("C:\Program Files\MiKTeX 2.9\tex\latex\graphics\color.sty"
Package: color 2005/11/14 v1.0j Standard LaTeX Color (DPC)

("C:\Program Files\MiKTeX 2.9\tex\latex\00miktex\color.cfg"
File: color.cfg 2007/01/18 v1.5 color configuration of teTeX/TeXLive
)
Package color Info: Driver file: pdftex.def on input line 130.

("C:\Program Files\MiKTeX 2.9\tex\latex\pdftex-def\pdftex.def"
File: pdftex.def 2011/05/27 v0.06d Graphics/color for pdfTeX

("C:\Program Files\MiKTeX 2.9\tex\generic\oberdiek\infwarerr.sty"
Package: infwarerr 2010/04/08 v1.3 Providing info/warning/error messages (HO)
)
("C:\Program Files\MiKTeX 2.9\tex\generic\oberdiek\ltxcmds.sty"
Package: ltxcmds 2011/11/09 v1.22 LaTeX kernel commands for general use (HO)
)
\Gread@gobject=\count111
))
("C:\Program Files\MiKTeX 2.9\tex\latex\graphics\graphicx.sty"
Package: graphicx 1999/02/16 v1.0f Enhanced LaTeX Graphics (DPC,SPQR)

("C:\Program Files\MiKTeX 2.9\tex\latex\graphics\keyval.sty"
Package: keyval 1999/03/16 v1.13 key=value parser (DPC)
\KV@toks@=\toks25
)
("C:\Program Files\MiKTeX 2.9\tex\latex\graphics\graphics.sty"
Package: graphics 2009/02/05 v1.0o Standard LaTeX Graphics (DPC,SPQR)

("C:\Program Files\MiKTeX 2.9\tex\latex\graphics\trig.sty"
Package: trig 1999/03/16 v1.09 sin cos tan (DPC)
)
("C:\Program Files\MiKTeX 2.9\tex\latex\00miktex\graphics.cfg"
File: graphics.cfg 2007/01/18 v1.5 graphics configuration of teTeX/TeXLive
)
Package graphics Info: Driver file: pdftex.def on input line 91.
)
\Gin@req@height=\dimen122
\Gin@req@width=\dimen123
)
("C:\Program Files\MiKTeX 2.9\tex\generic\babel\babel.sty"
Package: babel 2008/07/08 v3.8m The Babel package

*************************************
* Local config file bblopts.cfg used
*
("C:\Program Files\MiKTeX 2.9\tex\latex\00miktex\bblopts.cfg"
File: bblopts.cfg 2006/07/31 v1.0 MiKTeX 'babel' configuration
)
("C:\Program Files\MiKTeX 2.9\tex\generic\babel\spanish.ldf"
Language: spanish.ldf 2009/01/02 v5.0h Spanish support from the babel system

("C:\Program Files\MiKTeX 2.9\tex\generic\babel\babel.def"
File: babel.def 2008/07/08 v3.8m Babel common definitions
\babel@savecnt=\count112
\U@D=\dimen124
)
\es@datefmt=\count113
\es@quottoks=\toks26
\es@quotdepth=\count114
Package babel Info: Making " an active character on input line 492.
Package babel Info: Making . an active character on input line 585.
Package babel Info: Making < an active character on input line 630.
Package babel Info: Making > an active character on input line 630.
))
("C:\Program Files\MiKTeX 2.9\tex\latex\base\inputenc.sty"
Package: inputenc 2008/03/30 v1.1d Input encoding file
\inpenc@prehook=\toks27
\inpenc@posthook=\toks28

("C:\Program Files\MiKTeX 2.9\tex\latex\base\ansinew.def"
File: ansinew.def 2008/03/30 v1.1d Input encoding file
))
("C:\Program Files\MiKTeX 2.9\tex\latex\subfig\subfig.sty"
Package: subfig 2005/06/28 ver: 1.3 subfig package

("C:\Program Files\MiKTeX 2.9\tex\latex\caption\caption.sty"
Package: caption 2012/02/19 v3.2f Customizing captions (AR)

("C:\Program Files\MiKTeX 2.9\tex\latex\caption\caption3.sty"
Package: caption3 2012/01/12 v1.4b caption3 kernel (AR)
\captionmargin=\dimen125
\captionmargin@=\dimen126
\captionwidth=\dimen127
\caption@indent=\dimen128
\caption@parindent=\dimen129
\caption@hangindent=\dimen130
)
\c@ContinuedFloat=\count115
)
\c@KVtest=\count116
\sf@farskip=\skip51
\sf@captopadj=\dimen131
\sf@capskip=\skip52
\sf@nearskip=\skip53
\c@subfigure=\count117
\c@subfigure@save=\count118
\c@lofdepth=\count119
\c@subtable=\count120
\c@subtable@save=\count121
\c@lotdepth=\count122
\sf@top=\skip54
\sf@bottom=\skip55
)
("C:\Program Files\MiKTeX 2.9\tex\latex\fancyhdr\fancyhdr.sty"
\fancy@headwidth=\skip56
\f@ncyO@elh=\skip57
\f@ncyO@erh=\skip58
\f@ncyO@olh=\skip59
\f@ncyO@orh=\skip60
\f@ncyO@elf=\skip61
\f@ncyO@erf=\skip62
\f@ncyO@olf=\skip63
\f@ncyO@orf=\skip64
)
\c@dfn=\count123
\c@lem=\count124
\c@pro=\count125
\c@ejm=\count126
\c@obs=\count127
\c@teo=\count128
\c@algo=\count129
\c@col=\count130

("C:\Program Files\MiKTeX 2.9\tex\latex\hyperref\hyperref.sty"
Package: hyperref 2012/05/13 v6.82q Hypertext links for LaTeX

("C:\Program Files\MiKTeX 2.9\tex\generic\oberdiek\hobsub-hyperref.sty"
Package: hobsub-hyperref 2012/04/25 v1.12 Bundle oberdiek, subset hyperref (HO)


("C:\Program Files\MiKTeX 2.9\tex\generic\oberdiek\hobsub-generic.sty"
Package: hobsub-generic 2012/04/25 v1.12 Bundle oberdiek, subset generic (HO)
Package: hobsub 2012/04/25 v1.12 Construct package bundles (HO)
Package hobsub Info: Skipping package `infwarerr' (already loaded).
Package hobsub Info: Skipping package `ltxcmds' (already loaded).
Package: ifluatex 2010/03/01 v1.3 Provides the ifluatex switch (HO)
Package ifluatex Info: LuaTeX not detected.
Package: ifvtex 2010/03/01 v1.5 Detect VTeX and its facilities (HO)
Package ifvtex Info: VTeX not detected.
Package: intcalc 2007/09/27 v1.1 Expandable calculations with integers (HO)
Package: ifpdf 2011/01/30 v2.3 Provides the ifpdf switch (HO)
Package ifpdf Info: pdfTeX in PDF mode is detected.
Package: etexcmds 2011/02/16 v1.5 Avoid name clashes with e-TeX commands (HO)
Package etexcmds Info: Could not find \expanded.
(etexcmds)             That can mean that you are not using pdfTeX 1.50 or
(etexcmds)             that some package has redefined \expanded.
(etexcmds)             In the latter case, load this package earlier.
Package: kvsetkeys 2012/04/25 v1.16 Key value parser (HO)
Package: kvdefinekeys 2011/04/07 v1.3 Define keys (HO)
Package: pdftexcmds 2011/11/29 v0.20 Utility functions of pdfTeX for LuaTeX (HO
)
Package pdftexcmds Info: LuaTeX not detected.
Package pdftexcmds Info: \pdf@primitive is available.
Package pdftexcmds Info: \pdf@ifprimitive is available.
Package pdftexcmds Info: \pdfdraftmode found.
Package: pdfescape 2011/11/25 v1.13 Implements pdfTeX's escape features (HO)
Package: bigintcalc 2012/04/08 v1.3 Expandable calculations on big integers (HO
)
Package: bitset 2011/01/30 v1.1 Handle bit-vector datatype (HO)
Package: uniquecounter 2011/01/30 v1.2 Provide unlimited unique counter (HO)
)
Package hobsub Info: Skipping package `hobsub' (already loaded).
Package: letltxmacro 2010/09/02 v1.4 Let assignment for LaTeX macros (HO)
Package: hopatch 2011/06/24 v1.1 Wrapper for package hooks (HO)
Package: xcolor-patch 2011/01/30 xcolor patch
Package: atveryend 2011/06/30 v1.8 Hooks at the very end of document (HO)
Package atveryend Info: \enddocument detected (standard20110627).
Package: atbegshi 2011/10/05 v1.16 At begin shipout hook (HO)
Package: refcount 2011/10/16 v3.4 Data extraction from label references (HO)
Package: hycolor 2011/01/30 v1.7 Color options for hyperref/bookmark (HO)
)
("C:\Program Files\MiKTeX 2.9\tex\generic\ifxetex\ifxetex.sty"
Package: ifxetex 2010/09/12 v0.6 Provides ifxetex conditional
)
("C:\Program Files\MiKTeX 2.9\tex\latex\oberdiek\kvoptions.sty"
Package: kvoptions 2011/06/30 v3.11 Key value format for package options (HO)
)
\@linkdim=\dimen132
\Hy@linkcounter=\count131
\Hy@pagecounter=\count132

("C:\Program Files\MiKTeX 2.9\tex\latex\hyperref\pd1enc.def"
File: pd1enc.def 2012/05/13 v6.82q Hyperref: PDFDocEncoding definition (HO)
)
\Hy@SavedSpaceFactor=\count133

("C:\Program Files\MiKTeX 2.9\tex\latex\00miktex\hyperref.cfg"
File: hyperref.cfg 2002/06/06 v1.2 hyperref configuration of TeXLive
)
Package hyperref Info: Hyper figures OFF on input line 4062.
Package hyperref Info: Link nesting OFF on input line 4067.
Package hyperref Info: Hyper index ON on input line 4070.
Package hyperref Info: Plain pages OFF on input line 4077.
Package hyperref Info: Backreferencing OFF on input line 4082.
Package hyperref Info: Implicit mode ON; LaTeX internals redefined.
Package hyperref Info: Bookmarks ON on input line 4300.
\c@Hy@tempcnt=\count134

("C:\Program Files\MiKTeX 2.9\tex\latex\ltxmisc\url.sty"
\Urlmuskip=\muskip11
Package: url 2006/04/12  ver 3.3  Verb mode for urls, etc.
)
LaTeX Info: Redefining \url on input line 4653.
\Fld@menulength=\count135
\Field@Width=\dimen133
\Fld@charsize=\dimen134
Package hyperref Info: Hyper figures OFF on input line 5773.
Package hyperref Info: Link nesting OFF on input line 5778.
Package hyperref Info: Hyper index ON on input line 5781.
Package hyperref Info: backreferencing OFF on input line 5788.
Package hyperref Info: Link coloring OFF on input line 5793.
Package hyperref Info: Link coloring with OCG OFF on input line 5798.
Package hyperref Info: PDF/A mode OFF on input line 5803.
LaTeX Info: Redefining \ref on input line 5843.
LaTeX Info: Redefining \pageref on input line 5847.
\Hy@abspage=\count136
\c@Item=\count137
\c@Hfootnote=\count138
)

Package hyperref Message: Driver (autodetected): hpdftex.

("C:\Program Files\MiKTeX 2.9\tex\latex\hyperref\hpdftex.def"
File: hpdftex.def 2012/05/13 v6.82q Hyperref driver for pdfTeX
\Fld@listcount=\count139
\c@bookmark@seq@number=\count140

("C:\Program Files\MiKTeX 2.9\tex\latex\oberdiek\rerunfilecheck.sty"
Package: rerunfilecheck 2011/04/15 v1.7 Rerun checks for auxiliary files (HO)
Package uniquecounter Info: New unique counter `rerunfilecheck' on input line 2
82.
)
\Hy@SectionHShift=\skip65
)
("C:\Program Files\MiKTeX 2.9\tex\latex\tools\xr.sty"
Package: xr 1994/05/28 v5.02 eXternal References (DPC)
))
("C:\Program Files\MiKTeX 2.9\tex\latex\tools\varioref.sty"
Package: varioref 2011/10/02 v1.4z package for extended references (FMi)
\c@vrcnt=\count141
)
(C:\Users\Yenifer\Desktop\Tesis\Todo\tesis.aux
(C:\Users\Yenifer\Desktop\Tesis\Todo\portada/portada.aux)
(C:\Users\Yenifer\Desktop\Tesis\Todo\intro.aux)
(C:\Users\Yenifer\Desktop\Tesis\Todo\sistemas/logistica/logistica.aux)
(C:\Users\Yenifer\Desktop\Tesis\Todo\markov/markov/markov.aux)
(C:\Users\Yenifer\Desktop\Tesis\Todo\caos/caos/caos.aux)
(C:\Users\Yenifer\Desktop\Tesis\Todo\asintotico/asintotico.aux)
(C:\Users\Yenifer\Desktop\Tesis\Todo\teorema/teorema.aux)
(C:\Users\Yenifer\Desktop\Tesis\Todo\sistemas/sistemas/sistemas.aux)
(C:\Users\Yenifer\Desktop\Tesis\Todo\medida/medida/medida.aux))
LaTeX Font Info:    Checking defaults for OML/cmm/m/it on input line 7.
LaTeX Font Info:    ... okay on input line 7.
LaTeX Font Info:    Checking defaults for T1/cmr/m/n on input line 7.
LaTeX Font Info:    ... okay on input line 7.
LaTeX Font Info:    Checking defaults for OT1/cmr/m/n on input line 7.
LaTeX Font Info:    ... okay on input line 7.
LaTeX Font Info:    Checking defaults for OMS/cmsy/m/n on input line 7.
LaTeX Font Info:    ... okay on input line 7.
LaTeX Font Info:    Checking defaults for OMX/cmex/m/n on input line 7.
LaTeX Font Info:    ... okay on input line 7.
LaTeX Font Info:    Checking defaults for U/cmr/m/n on input line 7.
LaTeX Font Info:    ... okay on input line 7.
LaTeX Font Info:    Checking defaults for PD1/pdf/m/n on input line 7.
LaTeX Font Info:    ... okay on input line 7.

("C:\Program Files\MiKTeX 2.9\tex\context\base\supp-pdf.mkii"
[Loading MPS to PDF converter (version 2006.09.02).]
\scratchcounter=\count142
\scratchdimen=\dimen135
\scratchbox=\box57
\nofMPsegments=\count143
\nofMParguments=\count144
\everyMPshowfont=\toks29
\MPscratchCnt=\count145
\MPscratchDim=\dimen136
\MPnumerator=\count146
\makeMPintoPDFobject=\count147
\everyMPtoPDFconversion=\toks30
)
Package caption Info: Begin \AtBeginDocument code.
Package caption Info: subfig package v1.3 is loaded.
Package caption Info: hyperref package is loaded.
Package caption Info: End \AtBeginDocument code.
\AtBeginShipoutBox=\box58
Package hyperref Info: Link coloring OFF on input line 7.
 ("C:\Program Files\MiKTeX 2.9\tex\latex\hyperref\nameref.sty"
Package: nameref 2010/04/30 v2.40 Cross-referencing by name of section

("C:\Program Files\MiKTeX 2.9\tex\generic\oberdiek\gettitlestring.sty"
Package: gettitlestring 2010/12/03 v1.4 Cleanup title references (HO)
)
\c@section@level=\count148
LaTeX Info: Redefining \Ref on input line 498.
)
LaTeX Info: Redefining \ref on input line 7.
LaTeX Info: Redefining \pageref on input line 7.
LaTeX Info: Redefining \nameref on input line 7.

(C:\Users\Yenifer\Desktop\Tesis\Todo\tesis.out)
(C:\Users\Yenifer\Desktop\Tesis\Todo\tesis.out)
\@outlinefile=\write3
LaTeX Info: Redefining \Ref on input line 7.

(C:\Users\Yenifer\Desktop\Tesis\Todo\portada/portada.tex
LaTeX Font Info:    Try loading font information for U+msa on input line 5.

("C:\Program Files\MiKTeX 2.9\tex\latex\amsfonts\umsa.fd"
File: umsa.fd 2009/06/22 v3.00 AMS symbols A
)
LaTeX Font Info:    Try loading font information for U+msb on input line 5.

("C:\Program Files\MiKTeX 2.9\tex\latex\amsfonts\umsb.fd"
File: umsb.fd 2009/06/22 v3.00 AMS symbols B
)
LaTeX Font Info:    Try loading font information for U+lasy on input line 5.

("C:\Program Files\MiKTeX 2.9\tex\latex\base\ulasy.fd"
File: ulasy.fd 1998/08/17 v2.2e LaTeX symbol font definitions
)
<graficas/LogoUC2.png, id=115, 43.362pt x 56.8524pt>
File: graficas/LogoUC2.png Graphic file (type png)

<use graficas/LogoUC2.png>
Package pdftex.def Info: graficas/LogoUC2.png used on input line 7.
(pdftex.def)             Requested size: 56.9055pt x 74.61336pt.

<graficas/LogoFACYT.png, id=116, 75.28125pt x 77.28876pt>
File: graficas/LogoFACYT.png Graphic file (type png)

<use graficas/LogoFACYT.png>
Package pdftex.def Info: graficas/LogoFACYT.png used on input line 15.
(pdftex.def)             Requested size: 56.9055pt x 58.42517pt.

Overfull \hbox (25.47205pt too wide) in paragraph at lines 5--17
 [] 
 []

) [1


{C:/ProgramData/MiKTeX/2.9/pdftex/config/pdftex.map} <C:/Users/Yenifer/Desktop/
Tesis/Todo/graficas/LogoUC2.png> <C:/Users/Yenifer/Desktop/Tesis/Todo/graficas/
LogoFACYT.png>] (C:\Users\Yenifer\Desktop\Tesis\Todo\tesis.toc)
\tf@toc=\write4
 [2


]
(C:\Users\Yenifer\Desktop\Tesis\Todo\intro.tex [3

]) [4]
(C:\Users\Yenifer\Desktop\Tesis\Todo\sistemas/logistica/logistica.tex
Cap\'{\i }tulo 1.
[5



] <graficas/log.pdf, id=189, 469.755pt x 649.42625pt>
File: graficas/log.pdf Graphic file (type pdf)
 <use graficas/log.pdf>
Package pdftex.def Info: graficas/log.pdf used on input line 69.
(pdftex.def)             Requested size: 469.75386pt x 649.42467pt.

[6]
File: graficas/tesis.4 Graphic file (type mps)
 [MP to PDF] (C:\Users\Yenifer\Desktop\Tesis\Todo\graficas/tesis.4)
File: graficas/tesis.5 Graphic file (type mps)

[MP to PDF] (C:\Users\Yenifer\Desktop\Tesis\Todo\graficas/tesis.5)
<graficas/loi.pdf, id=201, 469.755pt x 649.42625pt>
File: graficas/loi.pdf Graphic file (type pdf)
 <use graficas/loi.pdf>
Package pdftex.def Info: graficas/loi.pdf used on input line 105.
(pdftex.def)             Requested size: 469.75386pt x 649.42467pt.

[7 <C:/Users/Yenifer/Desktop/Tesis/Todo/graficas/log.pdf>] [8 <C:/Users/Yenifer
/Desktop/Tesis/Todo/graficas/loi.pdf>]
File: graficas/tesis.2 Graphic file (type mps)
 [MP to PDF]
(C:\Users\Yenifer\Desktop\Tesis\Todo\graficas/tesis.2)
File: graficas/tesis.3 Graphic file (type mps)
 [MP to PDF]
(C:\Users\Yenifer\Desktop\Tesis\Todo\graficas/tesis.3) [9]
<graficas/Fig4.jpeg, id=234, 655.44875pt x 655.44875pt>
File: graficas/Fig4.jpeg Graphic file (type jpg)

<use graficas/Fig4.jpeg>
Package pdftex.def Info: graficas/Fig4.jpeg used on input line 161.
(pdftex.def)             Requested size: 156.49014pt x 156.4908pt.

<graficas/Fig5.jpeg, id=235, 655.44875pt x 655.44875pt>
File: graficas/Fig5.jpeg Graphic file (type jpg)

<use graficas/Fig5.jpeg>
Package pdftex.def Info: graficas/Fig5.jpeg used on input line 163.
(pdftex.def)             Requested size: 156.49014pt x 156.4908pt.
 [10 <C:/Users/Yenifer/Desktop/Tesis/Todo/graficas/Fig4.jpeg> <C:/Users/Yenifer
/Desktop/Tesis/Todo/graficas/Fig5.jpeg>] [11] [12]
<graficas/log2.pdf, id=270, 469.755pt x 649.42625pt>
File: graficas/log2.pdf Graphic file (type pdf)
 <use graficas/log2.pdf>
Package pdftex.def Info: graficas/log2.pdf used on input line 323.
(pdftex.def)             Requested size: 469.75386pt x 649.42467pt.

[13]) [14 <C:/Users/Yenifer/Desktop/Tesis/Todo/graficas/log2.pdf>]
(C:\Users\Yenifer\Desktop\Tesis\Todo\markov/markov/markov.tex
Cap\'{\i }tulo 2.
[15



] [16]
File: graficas/tesis.7 Graphic file (type mps)
 [MP to PDF] (C:\Users\Yenifer\Desktop\Tesis\Todo\graficas/tesis.7)
File: graficas/tesis.8 Graphic file (type mps)

[MP to PDF] (C:\Users\Yenifer\Desktop\Tesis\Todo\graficas/tesis.8) [17]
[18] [19] [20] (C:\Users\Yenifer\Desktop\Tesis\Todo\markov/perron/perron.tex
[21] [22] [23] <graficas/car.pdf, id=369, 469.755pt x 649.42625pt>
File: graficas/car.pdf Graphic file (type pdf)

<use graficas/car.pdf>
Package pdftex.def Info: graficas/car.pdf used on input line 115.
(pdftex.def)             Requested size: 469.75386pt x 649.42467pt.
 <graficas/exp.pdf, id=370, 469.755pt x 649.42625pt>
File: graficas/exp.pdf Graphic file (type pdf)

<use graficas/exp.pdf>
Package pdftex.def Info: graficas/exp.pdf used on input line 133.
(pdftex.def)             Requested size: 469.75386pt x 649.42467pt.
 [24 <C:/Users/Yenifer/Desktop/Tesis/Todo/graficas/car.pdf>] <graficas/r-ar.pdf
, id=383, 469.755pt x 649.42625pt>
File: graficas/r-ar.pdf Graphic file (type pdf)

<use graficas/r-ar.pdf>
Package pdftex.def Info: graficas/r-ar.pdf used on input line 176.
(pdftex.def)             Requested size: 469.75386pt x 649.42467pt.
 [25 <C:/Users/Yenifer/Desktop/Tesis/Todo/graficas/exp.pdf>] [26 <C:/Users/Yeni
fer/Desktop/Tesis/Todo/graficas/r-ar.pdf>] [27] [28]
[29] (C:\Users\Yenifer\Desktop\Tesis\Todo\markov/koopman/koopman.tex
LaTeX Font Info:    Try loading font information for U+euf on input line 17.

("C:\Program Files\MiKTeX 2.9\tex\latex\amsfonts\ueuf.fd"
File: ueuf.fd 2009/06/22 v3.00 Euler Fraktur
) [30] [31] [32])))
[33] (C:\Users\Yenifer\Desktop\Tesis\Todo\caos/caos/caos.tex
Cap\'{\i }tulo 3.
[34



] [35] (C:\Users\Yenifer\Desktop\Tesis\Todo\caos/ergodicas/ergodicas.tex
[36] [37] [38] [39]
(C:\Users\Yenifer\Desktop\Tesis\Todo\caos/exactas/exactas.tex [40]
<graficas/erg.pdf, id=518, 557.08125pt x 479.7925pt>
File: graficas/erg.pdf Graphic file (type pdf)
 <use graficas/erg.pdf>
Package pdftex.def Info: graficas/erg.pdf used on input line 43.
(pdftex.def)             Requested size: 278.53995pt x 239.89565pt.

<graficas/mix.pdf, id=521, 646.415pt x 508.90125pt>
File: graficas/mix.pdf Graphic file (type pdf)
 <use graficas/mix.pdf>
Package pdftex.def Info: graficas/mix.pdf used on input line 51.
(pdftex.def)             Requested size: 323.20671pt x 254.45pt.

<graficas/exa.pdf, id=524, 980.66376pt x 520.94624pt>
File: graficas/exa.pdf Graphic file (type pdf)
 <use graficas/exa.pdf>
Package pdftex.def Info: graficas/exa.pdf used on input line 60.
(pdftex.def)             Requested size: 490.33067pt x 260.47249pt.

(C:\Users\Yenifer\Desktop\Tesis\Todo\caos/usando/usando.tex [41] [42 <C:/Users/
Yenifer/Desktop/Tesis/Todo/graficas/erg.pdf>] [43 <C:/Users/Yenifer/Desktop/Tes
is/Todo/graficas/mix.pdf>] [44 <C:/Users/Yenifer/Desktop/Tesis/Todo/graficas/ex
a.pdf>] [45] [46])))) [47]
(C:\Users\Yenifer\Desktop\Tesis\Todo\asintotico/asintotico.tex
Cap\'{\i }tulo 4.
(C:\Users\Yenifer\Desktop\Tesis\Todo\acotada/acotada.tex [48



] [49] [50]
[51] [52]) (C:\Users\Yenifer\Desktop\Tesis\Todo\helly/helly.tex [53])
(C:\Users\Yenifer\Desktop\Tesis\Todo\mazur/mazur.tex
LaTeX Font Info:    Try loading font information for OMS+cmr on input line 24.

("C:\Program Files\MiKTeX 2.9\tex\latex\base\omscmr.fd"
File: omscmr.fd 1999/05/25 v2.5h Standard LaTeX font definitions
)
LaTeX Font Info:    Font shape `OMS/cmr/m/it' in size <10> not available
(Font)              Font shape `OMS/cmsy/m/n' tried instead on input line 24.
LaTeX Font Info:    Font shape `OMS/cmr/m/n' in size <10> not available
(Font)              Font shape `OMS/cmsy/m/n' tried instead on input line 24.
 [54]
Overfull \hbox (18.8339pt too wide) in paragraph at lines 61--64
[]\temp En con-se-cuen-cia, $\OML/cmm/m/it/10 co\temp (\OML/cmm/m/it/10 A\temp 
) \OMS/cmsy/m/n/10  [[][]$ \temp en-ton-ces $\OMS/cmsy/m/n/10 [[][]  [[][]$
 []

[55]) [56] [57] [58]) [59]
(C:\Users\Yenifer\Desktop\Tesis\Todo\teorema/teorema.tex
Cap\'{\i }tulo 5.
[60



] [61] [62] [63] [64] [65] [66] [67] [68] [69] [70]) [71]
(C:\Users\Yenifer\Desktop\Tesis\Todo\sistemas/sistemas/sistemas.tex
Ap\'{e}ndice A.
[72



]
File: graficas/tesis.6 Graphic file (type mps)
 [MP to PDF] (C:\Users\Yenifer\Desktop\Tesis\Todo\graficas/tesis.6)
[73]) [74] (C:\Users\Yenifer\Desktop\Tesis\Todo\medida/medida/medida.tex
Ap\'{e}ndice B.
[75



] [76] <graficas/fff.pdf, id=840, 469.755pt x 649.42625pt>
File: graficas/fff.pdf Graphic file (type pdf)

<use graficas/fff.pdf>
Package pdftex.def Info: graficas/fff.pdf used on input line 80.
(pdftex.def)             Requested size: 469.75386pt x 649.42467pt.
 <graficas/fpo.pdf, id=841, 469.755pt x 649.42625pt>
File: graficas/fpo.pdf Graphic file (type pdf)

<use graficas/fpo.pdf>
Package pdftex.def Info: graficas/fpo.pdf used on input line 91.
(pdftex.def)             Requested size: 469.75386pt x 649.42467pt.
 <graficas/fne.pdf, id=842, 469.755pt x 649.42625pt>
File: graficas/fne.pdf Graphic file (type pdf)

<use graficas/fne.pdf>
Package pdftex.def Info: graficas/fne.pdf used on input line 102.
(pdftex.def)             Requested size: 469.75386pt x 649.42467pt.
 [77 <C:/Users/Yenifer/Desktop/Tesis/Todo/graficas/fff.pdf>] [78 <C:/Users/Yeni
fer/Desktop/Tesis/Todo/graficas/fpo.pdf> <C:/Users/Yenifer/Desktop/Tesis/Todo/g
raficas/fne.pdf>] [79]
(C:\Users\Yenifer\Desktop\Tesis\Todo\medida/integracion/integracion.tex
[80] [81] [82] [83] (C:\Users\Yenifer\Desktop\Tesis\Todo\medida/lp/lp.tex
[84] (C:\Users\Yenifer\Desktop\Tesis\Todo\medida/convergencia/convergencia.tex
[85])))) [86]
Package atveryend Info: Empty hook `BeforeClearDocument' on input line 42.
 [87


]
Package atveryend Info: Empty hook `AfterLastShipout' on input line 42.
 (C:\Users\Yenifer\Desktop\Tesis\Todo\tesis.aux
(C:\Users\Yenifer\Desktop\Tesis\Todo\portada/portada.aux)
(C:\Users\Yenifer\Desktop\Tesis\Todo\intro.aux)
(C:\Users\Yenifer\Desktop\Tesis\Todo\sistemas/logistica/logistica.aux)
(C:\Users\Yenifer\Desktop\Tesis\Todo\markov/markov/markov.aux)
(C:\Users\Yenifer\Desktop\Tesis\Todo\caos/caos/caos.aux)
(C:\Users\Yenifer\Desktop\Tesis\Todo\asintotico/asintotico.aux)
(C:\Users\Yenifer\Desktop\Tesis\Todo\teorema/teorema.aux)
(C:\Users\Yenifer\Desktop\Tesis\Todo\sistemas/sistemas/sistemas.aux)
(C:\Users\Yenifer\Desktop\Tesis\Todo\medida/medida/medida.aux))
Package atveryend Info: Executing hook `AtVeryEndDocument' on input line 42.
Package atveryend Info: Executing hook `AtEndAfterFileList' on input line 42.
Package rerunfilecheck Info: File `tesis.out' has not changed.
(rerunfilecheck)             Checksum: 70A987D6E9BC996818ACF9F0D8729F74;2013.
Package atveryend Info: Empty hook `AtVeryVeryEnd' on input line 42.
 ) 
Here is how much of TeX's memory you used:
 8905 strings out of 493921
 131511 string characters out of 3147277
 239557 words of memory out of 3000000
 11491 multiletter control sequences out of 15000+200000
 16525 words of font info for 66 fonts, out of 3000000 for 9000
 841 hyphenation exceptions out of 8191
 46i,19n,48p,677b,539s stack positions out of 5000i,500n,10000p,200000b,50000s
<C:/Program Files/MiKTeX 2.9/fonts/type1/public/amsfonts/cm/cmbx10.pfb><C:/Pr
ogram Files/MiKTeX 2.9/fonts/type1/public/amsfonts/cm/cmbx12.pfb><C:/Program Fi
les/MiKTeX 2.9/fonts/type1/public/amsfonts/cm/cmbxti10.pfb><C:/Program Files/Mi
KTeX 2.9/fonts/type1/public/amsfonts/cm/cmcsc10.pfb><C:/Program Files/MiKTeX 2.
9/fonts/type1/public/amsfonts/cm/cmex10.pfb><C:/Program Files/MiKTeX 2.9/fonts/
type1/public/amsfonts/cm/cmmi10.pfb><C:/Program Files/MiKTeX 2.9/fonts/type1/pu
blic/amsfonts/cm/cmmi12.pfb><C:/Program Files/MiKTeX 2.9/fonts/type1/public/ams
fonts/cm/cmmi5.pfb><C:/Program Files/MiKTeX 2.9/fonts/type1/public/amsfonts/cm/
cmmi7.pfb><C:/Program Files/MiKTeX 2.9/fonts/type1/public/amsfonts/cm/cmmi8.pfb
><C:/Program Files/MiKTeX 2.9/fonts/type1/public/amsfonts/cm/cmr10.pfb><C:/Prog
ram Files/MiKTeX 2.9/fonts/type1/public/amsfonts/cm/cmr12.pfb><C:/Program Files
/MiKTeX 2.9/fonts/type1/public/amsfonts/cm/cmr5.pfb><C:/Program Files/MiKTeX 2.
9/fonts/type1/public/amsfonts/cm/cmr6.pfb><C:/Program Files/MiKTeX 2.9/fonts/ty
pe1/public/amsfonts/cm/cmr7.pfb><C:/Program Files/MiKTeX 2.9/fonts/type1/public
/amsfonts/cm/cmr8.pfb><C:/Program Files/MiKTeX 2.9/fonts/type1/public/amsfonts/
cm/cmsl10.pfb><C:/Program Files/MiKTeX 2.9/fonts/type1/public/amsfonts/cm/cmsy1
0.pfb><C:/Program Files/MiKTeX 2.9/fonts/type1/public/amsfonts/cm/cmsy5.pfb><C:
/Program Files/MiKTeX 2.9/fonts/type1/public/amsfonts/cm/cmsy7.pfb><C:/Program 
Files/MiKTeX 2.9/fonts/type1/public/amsfonts/cm/cmti10.pfb><C:/Program Files/Mi
KTeX 2.9/fonts/type1/public/amsfonts/cm/cmti7.pfb><C:/Program Files/MiKTeX 2.9/
fonts/type1/public/amsfonts/euler/eufm10.pfb><C:/Program Files/MiKTeX 2.9/fonts
/type1/public/amsfonts/symbols/msam10.pfb><C:/Program Files/MiKTeX 2.9/fonts/ty
pe1/public/amsfonts/symbols/msbm10.pfb>
Output written on tesis.pdf (87 pages, 1746968 bytes).
PDF statistics:
 1145 PDF objects out of 1200 (max. 8388607)
 413 named destinations out of 1000 (max. 500000)
 305 words of extra memory for PDF output out of 10000 (max. 10000000)

